This is pdfTeX, Version 3.14159265-2.6-1.40.18 (TeX Live 2017/Debian) (preloaded format=commonPreamble 2020.6.3)  10 JUN 2020 19:21
entering extended mode
 restricted \write18 enabled.
 %&-line parsing enabled.
**\newcommand{\modPrefix}{/usr/local/bin/..}\newcommand{\modFigureInput}{out/05
8_dg_0_11100.tex}\input{\modPrefix/share/mod/figureTemplate.tex}
(/usr/local/bin/../share/mod/figureTemplate.tex
(/usr/share/texmf/tex/latex/preview/preview.sty
Package: preview 2017/04/24 11.91 (AUCTeX/preview-latex)

(/usr/share/texmf/tex/latex/preview/prtightpage.def
\PreviewBorder=\dimen294
)
\pr@snippet=\count324
\pr@box=\box83
\pr@output=\toks37
)
No file out/058_dg_0_11100.aux.
\openout1 = `out/058_dg_0_11100.aux'.

LaTeX Font Info:    Checking defaults for OML/cmm/m/it on input line 18.
LaTeX Font Info:    ... okay on input line 18.
LaTeX Font Info:    Checking defaults for T1/cmr/m/n on input line 18.
LaTeX Font Info:    ... okay on input line 18.
LaTeX Font Info:    Checking defaults for OT1/cmr/m/n on input line 18.
LaTeX Font Info:    ... okay on input line 18.
LaTeX Font Info:    Checking defaults for OMS/cmsy/m/n on input line 18.
LaTeX Font Info:    ... okay on input line 18.
LaTeX Font Info:    Checking defaults for OMX/cmex/m/n on input line 18.
LaTeX Font Info:    ... okay on input line 18.
LaTeX Font Info:    Checking defaults for U/cmr/m/n on input line 18.
LaTeX Font Info:    ... okay on input line 18.
LaTeX Font Info:    Checking defaults for PD1/pdf/m/n on input line 18.
LaTeX Font Info:    ... okay on input line 18.
(/usr/share/texlive/texmf-dist/tex/context/base/mkii/supp-pdf.mkii
[Loading MPS to PDF converter (version 2006.09.02).]
\scratchcounter=\count325
\scratchdimen=\dimen295
\scratchbox=\box84
\nofMPsegments=\count326
\nofMParguments=\count327
\everyMPshowfont=\toks38
\MPscratchCnt=\count328
\MPscratchDim=\dimen296
\MPnumerator=\count329
\makeMPintoPDFobject=\count330
\everyMPtoPDFconversion=\toks39
) (/usr/share/texlive/texmf-dist/tex/latex/oberdiek/epstopdf-base.sty
Package: epstopdf-base 2016/05/15 v2.6 Base part for package epstopdf

(/usr/share/texlive/texmf-dist/tex/latex/oberdiek/grfext.sty
Package: grfext 2016/05/16 v1.2 Manage graphics extensions (HO)
)
Package epstopdf-base Info: Redefining graphics rule for `.eps' on input line 4
38.
Package grfext Info: Graphics extension search list:
(grfext)             [.pdf,.png,.jpg,.mps,.jpeg,.jbig2,.jb2,.PDF,.PNG,.JPG,.JPE
G,.JBIG2,.JB2,.eps]
(grfext)             \AppendGraphicsExtensions on input line 456.

(/usr/share/texlive/texmf-dist/tex/latex/latexconfig/epstopdf-sys.cfg
File: epstopdf-sys.cfg 2010/07/13 v1.3 Configuration of (r)epstopdf for TeX Liv
e
))
\AtBeginShipoutBox=\box85
Package hyperref Info: Link coloring OFF on input line 18.

(/usr/share/texlive/texmf-dist/tex/latex/hyperref/nameref.sty
Package: nameref 2016/05/21 v2.44 Cross-referencing by name of section

(/usr/share/texlive/texmf-dist/tex/generic/oberdiek/gettitlestring.sty
Package: gettitlestring 2016/05/16 v1.5 Cleanup title references (HO)
)
\c@section@level=\count331
)
LaTeX Info: Redefining \ref on input line 18.
LaTeX Info: Redefining \pageref on input line 18.
LaTeX Info: Redefining \nameref on input line 18.
\@outlinefile=\write5
\openout5 = `out/058_dg_0_11100.out'.

Now handling font encoding TS1 ...
... processing UTF-8 mapping file for font encoding TS1

(/usr/share/texlive/texmf-dist/tex/latex/base/ts1enc.dfu
File: ts1enc.dfu 2017/01/28 v1.1t UTF-8 support for inputenc
   defining Unicode char U+00A2 (decimal 162)
   defining Unicode char U+00A3 (decimal 163)
   defining Unicode char U+00A4 (decimal 164)
   defining Unicode char U+00A5 (decimal 165)
   defining Unicode char U+00A6 (decimal 166)
   defining Unicode char U+00A7 (decimal 167)
   defining Unicode char U+00A8 (decimal 168)
   defining Unicode char U+00A9 (decimal 169)
   defining Unicode char U+00AA (decimal 170)
   defining Unicode char U+00AC (decimal 172)
   defining Unicode char U+00AE (decimal 174)
   defining Unicode char U+00AF (decimal 175)
   defining Unicode char U+00B0 (decimal 176)
   defining Unicode char U+00B1 (decimal 177)
   defining Unicode char U+00B2 (decimal 178)
   defining Unicode char U+00B3 (decimal 179)
   defining Unicode char U+00B4 (decimal 180)
   defining Unicode char U+00B5 (decimal 181)
   defining Unicode char U+00B6 (decimal 182)
   defining Unicode char U+00B7 (decimal 183)
   defining Unicode char U+00B9 (decimal 185)
   defining Unicode char U+00BA (decimal 186)
   defining Unicode char U+00BC (decimal 188)
   defining Unicode char U+00BD (decimal 189)
   defining Unicode char U+00BE (decimal 190)
   defining Unicode char U+00D7 (decimal 215)
   defining Unicode char U+00F7 (decimal 247)
   defining Unicode char U+0192 (decimal 402)
   defining Unicode char U+02C7 (decimal 711)
   defining Unicode char U+02D8 (decimal 728)
   defining Unicode char U+02DD (decimal 733)
   defining Unicode char U+0E3F (decimal 3647)
   defining Unicode char U+2016 (decimal 8214)
   defining Unicode char U+2020 (decimal 8224)
   defining Unicode char U+2021 (decimal 8225)
   defining Unicode char U+2022 (decimal 8226)
   defining Unicode char U+2030 (decimal 8240)
   defining Unicode char U+2031 (decimal 8241)
   defining Unicode char U+203B (decimal 8251)
   defining Unicode char U+203D (decimal 8253)
   defining Unicode char U+2044 (decimal 8260)
   defining Unicode char U+204E (decimal 8270)
   defining Unicode char U+2052 (decimal 8274)
   defining Unicode char U+20A1 (decimal 8353)
   defining Unicode char U+20A4 (decimal 8356)
   defining Unicode char U+20A6 (decimal 8358)
   defining Unicode char U+20A9 (decimal 8361)
   defining Unicode char U+20AB (decimal 8363)
   defining Unicode char U+20AC (decimal 8364)
   defining Unicode char U+20B1 (decimal 8369)
   defining Unicode char U+2103 (decimal 8451)
   defining Unicode char U+2116 (decimal 8470)
   defining Unicode char U+2117 (decimal 8471)
   defining Unicode char U+211E (decimal 8478)
   defining Unicode char U+2120 (decimal 8480)
   defining Unicode char U+2122 (decimal 8482)
   defining Unicode char U+2126 (decimal 8486)
   defining Unicode char U+2127 (decimal 8487)
   defining Unicode char U+212E (decimal 8494)
   defining Unicode char U+2190 (decimal 8592)
   defining Unicode char U+2191 (decimal 8593)
   defining Unicode char U+2192 (decimal 8594)
   defining Unicode char U+2193 (decimal 8595)
   defining Unicode char U+2329 (decimal 9001)
   defining Unicode char U+232A (decimal 9002)
   defining Unicode char U+2422 (decimal 9250)
   defining Unicode char U+25E6 (decimal 9702)
   defining Unicode char U+25EF (decimal 9711)
   defining Unicode char U+266A (decimal 9834)
)
(/usr/share/texlive/texmf-dist/tex/latex/translator/translator-basic-dictionary
-English.dict
Dictionary: translator-basic-dictionary, Language: English 
)
(/usr/share/texlive/texmf-dist/tex/latex/siunitx/siunitx-abbreviations.cfg
File: siunitx-abbreviations.cfg 2017/11/26 v2.7k siunitx: Abbreviated units
)
Package caption Info: Begin \AtBeginDocument code.
Package caption Info: End \AtBeginDocument code.

ABD: EveryShipout initializing macros
Preview: Fontsize 12pt
Preview: PDFoutput 1
\c__siunitx_mathsf_int=\count332
LaTeX Font Info:    Try loading font information for U+msa on input line 18.
(/usr/share/texlive/texmf-dist/tex/latex/amsfonts/umsa.fd
File: umsa.fd 2013/01/14 v3.01 AMS symbols A
)
LaTeX Font Info:    Try loading font information for U+msb on input line 18.

(/usr/share/texlive/texmf-dist/tex/latex/amsfonts/umsb.fd
File: umsb.fd 2013/01/14 v3.01 AMS symbols B
)
\c__siunitx_mathtt_int=\count333

(./out/058_dg_0_11100.tex (./out/022_dg_0_11100_coord.tex)
<./out/020_g_0_11311100.pdf, id=32, 60.40668pt x 10.56245pt>
File: ./out/020_g_0_11311100.pdf Graphic file (type pdf)
<use ./out/020_g_0_11311100.pdf>
Package pdftex.def Info: ./out/020_g_0_11311100.pdf  used on input line 4.
(pdftex.def)             Requested size: 45.30489pt x 7.92181pt.
<./out/021_g_1_11311100.pdf, id=33, 90.02031pt x 36.133pt>
File: ./out/021_g_1_11311100.pdf Graphic file (type pdf)
<use ./out/021_g_1_11311100.pdf>
Package pdftex.def Info: ./out/021_g_1_11311100.pdf  used on input line 6.
(pdftex.def)             Requested size: 67.51506pt x 27.09966pt.
<./out/023_g_2_11311100.pdf, id=34, 100.58578pt x 37.01428pt>
File: ./out/023_g_2_11311100.pdf Graphic file (type pdf)
<use ./out/023_g_2_11311100.pdf>
Package pdftex.def Info: ./out/023_g_2_11311100.pdf  used on input line 8.
(pdftex.def)             Requested size: 75.43913pt x 27.76062pt.
<./out/024_g_6_11311100.pdf, id=35, 110.42555pt x 94.93568pt>
File: ./out/024_g_6_11311100.pdf Graphic file (type pdf)
<use ./out/024_g_6_11311100.pdf>
Package pdftex.def Info: ./out/024_g_6_11311100.pdf  used on input line 10.
(pdftex.def)             Requested size: 82.81894pt x 71.20157pt.
<./out/025_g_7_11311100.pdf, id=36, 140.0111pt x 112.0175pt>
File: ./out/025_g_7_11311100.pdf Graphic file (type pdf)
<use ./out/025_g_7_11311100.pdf>
Package pdftex.def Info: ./out/025_g_7_11311100.pdf  used on input line 12.
(pdftex.def)             Requested size: 105.00806pt x 84.01291pt.
<./out/026_g_8_11311100.pdf, id=37, 121.01813pt x 94.93568pt>
File: ./out/026_g_8_11311100.pdf Graphic file (type pdf)
<use ./out/026_g_8_11311100.pdf>
Package pdftex.def Info: ./out/026_g_8_11311100.pdf  used on input line 14.
(pdftex.def)             Requested size: 90.76337pt x 71.20157pt.
<./out/027_g_9_11311100.pdf, id=38, 150.60365pt x 112.0175pt>
File: ./out/027_g_9_11311100.pdf Graphic file (type pdf)
<use ./out/027_g_9_11311100.pdf>
Package pdftex.def Info: ./out/027_g_9_11311100.pdf  used on input line 16.
(pdftex.def)             Requested size: 112.95245pt x 84.01291pt.
<./out/028_g_10_11311100.pdf, id=39, 150.60365pt x 112.0175pt>
File: ./out/028_g_10_11311100.pdf Graphic file (type pdf)
<use ./out/028_g_10_11311100.pdf>
Package pdftex.def Info: ./out/028_g_10_11311100.pdf  used on input line 18.
(pdftex.def)             Requested size: 112.95245pt x 84.01291pt.
<./out/029_g_12_11311100.pdf, id=40, 169.60866pt x 146.18013pt>
File: ./out/029_g_12_11311100.pdf Graphic file (type pdf)
<use ./out/029_g_12_11311100.pdf>
Package pdftex.def Info: ./out/029_g_12_11311100.pdf  used on input line 20.
(pdftex.def)             Requested size: 127.20616pt x 109.63481pt.
<./out/030_g_18_11311100.pdf, id=41, 150.60365pt x 112.0175pt>
File: ./out/030_g_18_11311100.pdf Graphic file (type pdf)
<use ./out/030_g_18_11311100.pdf>
Package pdftex.def Info: ./out/030_g_18_11311100.pdf  used on input line 22.
(pdftex.def)             Requested size: 112.95245pt x 84.01291pt.
<./out/031_g_19_11311100.pdf, id=42, 180.1892pt x 146.18013pt>
File: ./out/031_g_19_11311100.pdf Graphic file (type pdf)
<use ./out/031_g_19_11311100.pdf>
Package pdftex.def Info: ./out/031_g_19_11311100.pdf  used on input line 24.
(pdftex.def)             Requested size: 135.14154pt x 109.63481pt.
<./out/032_g_21_11311100.pdf, id=43, 121.01813pt x 94.93568pt>
File: ./out/032_g_21_11311100.pdf Graphic file (type pdf)
<use ./out/032_g_21_11311100.pdf>
Package pdftex.def Info: ./out/032_g_21_11311100.pdf  used on input line 26.
(pdftex.def)             Requested size: 90.76337pt x 71.20157pt.
<./out/033_g_23_11311100.pdf, id=44, 150.60365pt x 112.0175pt>
File: ./out/033_g_23_11311100.pdf Graphic file (type pdf)
<use ./out/033_g_23_11311100.pdf>
Package pdftex.def Info: ./out/033_g_23_11311100.pdf  used on input line 28.
(pdftex.def)             Requested size: 112.95245pt x 84.01291pt.
<./out/034_g_28_11311100.pdf, id=45, 201.8481pt x 119.916pt>
File: ./out/034_g_28_11311100.pdf Graphic file (type pdf)
<use ./out/034_g_28_11311100.pdf>
Package pdftex.def Info: ./out/034_g_28_11311100.pdf  used on input line 30.
(pdftex.def)             Requested size: 151.3857pt x 89.93677pt.
<./out/035_g_29_11311100.pdf, id=46, 209.77573pt x 146.14801pt>
File: ./out/035_g_29_11311100.pdf Graphic file (type pdf)
<use ./out/035_g_29_11311100.pdf>
Package pdftex.def Info: ./out/035_g_29_11311100.pdf  used on input line 32.
(pdftex.def)             Requested size: 157.33139pt x 109.61073pt.
<./out/036_g_52_11311100.pdf, id=47, 124.16989pt x 94.93568pt>
File: ./out/036_g_52_11311100.pdf Graphic file (type pdf)
<use ./out/036_g_52_11311100.pdf>
Package pdftex.def Info: ./out/036_g_52_11311100.pdf  used on input line 34.
(pdftex.def)             Requested size: 93.12717pt x 71.20157pt.
<./out/037_g_54_11311100.pdf, id=48, 158.33354pt x 94.93568pt>
File: ./out/037_g_54_11311100.pdf Graphic file (type pdf)
<use ./out/037_g_54_11311100.pdf>
Package pdftex.def Info: ./out/037_g_54_11311100.pdf  used on input line 36.
(pdftex.def)             Requested size: 118.74985pt x 71.20157pt.
<./out/038_g_55_11311100.pdf, id=49, 150.60365pt x 111.98438pt>
File: ./out/038_g_55_11311100.pdf Graphic file (type pdf)
<use ./out/038_g_55_11311100.pdf>
Package pdftex.def Info: ./out/038_g_55_11311100.pdf  used on input line 38.
(pdftex.def)             Requested size: 112.95245pt x 83.98805pt.
<./out/039_g_57_11311100.pdf, id=50, 180.19019pt x 111.98438pt>
File: ./out/039_g_57_11311100.pdf Graphic file (type pdf)
<use ./out/039_g_57_11311100.pdf>
Package pdftex.def Info: ./out/039_g_57_11311100.pdf  used on input line 40.
(pdftex.def)             Requested size: 135.14229pt x 83.98805pt.
<./out/040_g_58_11311100.pdf, id=51, 176.83867pt x 94.93568pt>
File: ./out/040_g_58_11311100.pdf Graphic file (type pdf)
<use ./out/040_g_58_11311100.pdf>
Package pdftex.def Info: ./out/040_g_58_11311100.pdf  used on input line 42.
(pdftex.def)             Requested size: 132.62866pt x 71.20157pt.
<./out/041_g_59_11311100.pdf, id=52, 180.19019pt x 111.98438pt>
File: ./out/041_g_59_11311100.pdf Graphic file (type pdf)
<use ./out/041_g_59_11311100.pdf>
Package pdftex.def Info: ./out/041_g_59_11311100.pdf  used on input line 44.
(pdftex.def)             Requested size: 135.14229pt x 83.98805pt.
<./out/042_g_68_11311100.pdf, id=53, 150.60365pt x 112.0175pt>
File: ./out/042_g_68_11311100.pdf Graphic file (type pdf)
<use ./out/042_g_68_11311100.pdf>
Package pdftex.def Info: ./out/042_g_68_11311100.pdf  used on input line 46.
(pdftex.def)             Requested size: 112.95245pt x 84.01291pt.
<./out/043_g_73_11311100.pdf, id=54, 209.77573pt x 146.18013pt>
File: ./out/043_g_73_11311100.pdf Graphic file (type pdf)
<use ./out/043_g_73_11311100.pdf>
Package pdftex.def Info: ./out/043_g_73_11311100.pdf  used on input line 48.
(pdftex.def)             Requested size: 157.33139pt x 109.63481pt.
<./out/044_g_74_11311100.pdf, id=55, 150.60365pt x 112.0175pt>
File: ./out/044_g_74_11311100.pdf Graphic file (type pdf)
<use ./out/044_g_74_11311100.pdf>
Package pdftex.def Info: ./out/044_g_74_11311100.pdf  used on input line 50.
(pdftex.def)             Requested size: 112.95245pt x 84.01291pt.
<./out/045_g_80_11311100.pdf, id=56, 180.19019pt x 112.0175pt>
File: ./out/045_g_80_11311100.pdf Graphic file (type pdf)
<use ./out/045_g_80_11311100.pdf>
Package pdftex.def Info: ./out/045_g_80_11311100.pdf  used on input line 52.
(pdftex.def)             Requested size: 135.14229pt x 84.01291pt.
<./out/046_g_85_11311100.pdf, id=57, 149.17232pt x 119.94511pt>
File: ./out/046_g_85_11311100.pdf Graphic file (type pdf)
<use ./out/046_g_85_11311100.pdf>
Package pdftex.def Info: ./out/046_g_85_11311100.pdf  used on input line 54.
(pdftex.def)             Requested size: 111.87895pt x 89.9586pt.
<./out/047_g_87_11311100.pdf, id=58, 168.91104pt x 129.0662pt>
File: ./out/047_g_87_11311100.pdf Graphic file (type pdf)
<use ./out/047_g_87_11311100.pdf>
Package pdftex.def Info: ./out/047_g_87_11311100.pdf  used on input line 56.
(pdftex.def)             Requested size: 126.68295pt x 96.7994pt.
<./out/048_g_93_11311100.pdf, id=59, 180.19019pt x 119.94511pt>
File: ./out/048_g_93_11311100.pdf Graphic file (type pdf)
<use ./out/048_g_93_11311100.pdf>
Package pdftex.def Info: ./out/048_g_93_11311100.pdf  used on input line 58.
(pdftex.def)             Requested size: 135.14229pt x 89.9586pt.
<./out/049_g_113_11311100.pdf, id=60, 134.74841pt x 112.0175pt>
File: ./out/049_g_113_11311100.pdf Graphic file (type pdf)
<use ./out/049_g_113_11311100.pdf>
Package pdftex.def Info: ./out/049_g_113_11311100.pdf  used on input line 60.
(pdftex.def)             Requested size: 101.06104pt x 84.01291pt.
<./out/050_g_114_11311100.pdf, id=61, 161.66899pt x 119.94511pt>
File: ./out/050_g_114_11311100.pdf Graphic file (type pdf)
<use ./out/050_g_114_11311100.pdf>
Package pdftex.def Info: ./out/050_g_114_11311100.pdf  used on input line 62.
(pdftex.def)             Requested size: 121.25143pt x 89.9586pt.
<./out/051_g_279_11311100.pdf, id=62, 159.75784pt x 119.94511pt>
File: ./out/051_g_279_11311100.pdf Graphic file (type pdf)
<use ./out/051_g_279_11311100.pdf>
Package pdftex.def Info: ./out/051_g_279_11311100.pdf  used on input line 64.
(pdftex.def)             Requested size: 119.81808pt x 89.9586pt.
<./out/052_g_280_11311100.pdf, id=63, 176.83867pt x 94.93568pt>
File: ./out/052_g_280_11311100.pdf Graphic file (type pdf)
<use ./out/052_g_280_11311100.pdf>
Package pdftex.def Info: ./out/052_g_280_11311100.pdf  used on input line 66.
(pdftex.def)             Requested size: 132.62866pt x 71.20157pt.
<./out/053_g_281_11311100.pdf, id=64, 180.19019pt x 119.94511pt>
File: ./out/053_g_281_11311100.pdf Graphic file (type pdf)
<use ./out/053_g_281_11311100.pdf>
Package pdftex.def Info: ./out/053_g_281_11311100.pdf  used on input line 68.
(pdftex.def)             Requested size: 135.14229pt x 89.9586pt.
<./out/054_g_284_11311100.pdf, id=65, 172.26257pt x 119.94511pt>
File: ./out/054_g_284_11311100.pdf Graphic file (type pdf)
<use ./out/054_g_284_11311100.pdf>
Package pdftex.def Info: ./out/054_g_284_11311100.pdf  used on input line 70.
(pdftex.def)             Requested size: 129.1966pt x 89.9586pt.
<./out/055_g_497_11311100.pdf, id=66, 168.91104pt x 94.93568pt>
File: ./out/055_g_497_11311100.pdf Graphic file (type pdf)
<use ./out/055_g_497_11311100.pdf>
Package pdftex.def Info: ./out/055_g_497_11311100.pdf  used on input line 72.
(pdftex.def)             Requested size: 126.68295pt x 71.20157pt.
<./out/056_g_500_11311100.pdf, id=67, 180.19019pt x 119.94511pt>
File: ./out/056_g_500_11311100.pdf Graphic file (type pdf)
<use ./out/056_g_500_11311100.pdf>
Package pdftex.def Info: ./out/056_g_500_11311100.pdf  used on input line 74.
(pdftex.def)             Requested size: 135.14229pt x 89.9586pt.
<./out/057_g_501_11311100.pdf, id=68, 209.77573pt x 119.914pt>
File: ./out/057_g_501_11311100.pdf Graphic file (type pdf)
<use ./out/057_g_501_11311100.pdf>
Package pdftex.def Info: ./out/057_g_501_11311100.pdf  used on input line 76.
(pdftex.def)             Requested size: 157.33139pt x 89.93527pt.
)
Overfull \hbox (3110.56776pt too wide) in paragraph at lines 493--21
[][] 
 []

Preview: Tightpage -32891 -32891 32891 32891
[1{/var/lib/texmf/fonts/map/pdftex/updmap/pdftex.map} <./out/020_g_0_11311100.p
df> <./out/021_g_1_11311100.pdf> <./out/023_g_2_11311100.pdf> <./out/024_g_6_11
311100.pdf> <./out/025_g_7_11311100.pdf> <./out/026_g_8_11311100.pdf> <./out/02
7_g_9_11311100.pdf> <./out/028_g_10_11311100.pdf> <./out/029_g_12_11311100.pdf>
 <./out/030_g_18_11311100.pdf> <./out/031_g_19_11311100.pdf> <./out/032_g_21_11
311100.pdf> <./out/033_g_23_11311100.pdf> <./out/034_g_28_11311100.pdf> <./out/
035_g_29_11311100.pdf> <./out/036_g_52_11311100.pdf> <./out/037_g_54_11311100.p
df> <./out/038_g_55_11311100.pdf> <./out/039_g_57_11311100.pdf> <./out/040_g_58
_11311100.pdf> <./out/041_g_59_11311100.pdf> <./out/042_g_68_11311100.pdf> <./o
ut/043_g_73_11311100.pdf> <./out/044_g_74_11311100.pdf> <./out/045_g_80_1131110
0.pdf> <./out/046_g_85_11311100.pdf> <./out/047_g_87_11311100.pdf> <./out/048_g
_93_11311100.pdf> <./out/049_g_113_11311100.pdf> <./out/050_g_114_11311100.pdf>
 <./out/051_g_279_11311100.pdf> <./out/052_g_280_11311100.pdf> <./out/053_g_281
_11311100.pdf> <./out/054_g_284_11311100.pdf> <./out/055_g_497_11311100.pdf> <.
/out/056_g_500_11311100.pdf> <./out/057_g_501_11311100.pdf>]
Package atveryend Info: Empty hook `BeforeClearDocument' on input line 22.
Package atveryend Info: Empty hook `AfterLastShipout' on input line 22.

(./out/058_dg_0_11100.aux)
Package atveryend Info: Executing hook `AtVeryEndDocument' on input line 22.
Package atveryend Info: Executing hook `AtEndAfterFileList' on input line 22.


Package rerunfilecheck Warning: File `out/058_dg_0_11100.out' has changed.
(rerunfilecheck)                Rerun to get outlines right
(rerunfilecheck)                or use package `bookmark'.

Package rerunfilecheck Info: Checksums for `out/058_dg_0_11100.out':
(rerunfilecheck)             Before: <no file>
(rerunfilecheck)             After:  D41D8CD98F00B204E9800998ECF8427E;0.

LaTeX Warning: Label(s) may have changed. Rerun to get cross-references right.

Package atveryend Info: Empty hook `AtVeryVeryEnd' on input line 22.
 ) 
Here is how much of TeX's memory you used:
 2800 strings out of 464078
 53254 string characters out of 5530319
 846217 words of memory out of 5000000
 36430 multiletter control sequences out of 15000+600000
 536329 words of font info for 46 fonts, out of 8000000 for 9000
 59 hyphenation exceptions out of 8191
 37i,9n,60p,387b,772s stack positions out of 5000i,500n,10000p,200000b,80000s
</usr/share/texlive/texmf-dist/fonts/type1/public/amsfonts/cm/cmbx12.pfb></us
r/share/texlive/texmf-dist/fonts/type1/public/amsfonts/cm/cmmi8.pfb></usr/share
/texlive/texmf-dist/fonts/type1/public/amsfonts/cm/cmr12.pfb></usr/share/texliv
e/texmf-dist/fonts/type1/public/amsfonts/cm/cmr8.pfb>
Output written on out/058_dg_0_11100.pdf (1 page, 96887 bytes).
PDF statistics:
 242 PDF objects out of 1000 (max. 8388607)
 171 compressed objects within 2 object streams
 0 named destinations out of 1000 (max. 500000)
 294 words of extra memory for PDF output out of 10000 (max. 10000000)

