\BOOKMARK [2][-]{subsection.0.0.1}{Formaldehyde}{}% 1
\BOOKMARK [2][-]{subsection.0.0.2}{Glycolaldehyde}{}% 2
\BOOKMARK [2][-]{subsection.0.0.3}{p\137\1730,0\175}{}% 3
\BOOKMARK [2][-]{subsection.0.0.4}{p\137\1730,1\175}{}% 4
\BOOKMARK [2][-]{subsection.0.0.5}{p\137\1730,2\175}{}% 5
\BOOKMARK [2][-]{subsection.0.0.6}{p\137\1730,3\175}{}% 6
\BOOKMARK [2][-]{subsection.0.0.7}{p\137\1730,4\175}{}% 7
\BOOKMARK [2][-]{subsection.0.0.8}{p\137\1730,5\175}{}% 8
\BOOKMARK [2][-]{subsection.0.0.9}{p\137\1730,6\175}{}% 9
\BOOKMARK [2][-]{subsection.0.0.10}{p\137\1730,7\175}{}% 10
\BOOKMARK [2][-]{subsection.0.0.11}{p\137\1730,8\175}{}% 11
\BOOKMARK [2][-]{subsection.0.0.12}{p\137\1730,9\175}{}% 12
\BOOKMARK [2][-]{subsection.0.0.13}{p\137\1730,10\175}{}% 13
\BOOKMARK [2][-]{subsection.0.0.14}{p\137\1730,11\175}{}% 14
\BOOKMARK [2][-]{subsection.0.0.15}{p\137\1730,12\175}{}% 15
\BOOKMARK [2][-]{subsection.0.0.16}{p\137\1730,13\175}{}% 16
\BOOKMARK [2][-]{subsection.0.0.17}{p\137\1730,14\175}{}% 17
\BOOKMARK [2][-]{subsection.0.0.18}{p\137\1730,15\175}{}% 18
\BOOKMARK [2][-]{subsection.0.0.19}{p\137\1730,16\175}{}% 19
\BOOKMARK [2][-]{subsection.0.0.20}{p\137\1730,17\175}{}% 20
\BOOKMARK [2][-]{subsection.0.0.21}{p\137\1730,18\175}{}% 21
\BOOKMARK [2][-]{subsection.0.0.22}{p\137\1730,19\175}{}% 22
\BOOKMARK [2][-]{subsection.0.0.23}{p\137\1730,20\175}{}% 23
\BOOKMARK [2][-]{subsection.0.0.24}{p\137\1730,21\175}{}% 24
\BOOKMARK [2][-]{subsection.0.0.25}{p\137\1730,22\175}{}% 25
\BOOKMARK [2][-]{subsection.0.0.26}{p\137\1730,23\175}{}% 26
\BOOKMARK [2][-]{subsection.0.0.27}{p\137\1730,24\175}{}% 27
\BOOKMARK [2][-]{subsection.0.0.28}{p\137\1730,25\175}{}% 28
\BOOKMARK [2][-]{subsection.0.0.29}{p\137\1730,26\175}{}% 29
\BOOKMARK [2][-]{subsection.0.0.30}{p\137\1730,27\175}{}% 30
\BOOKMARK [2][-]{subsection.0.0.31}{p\137\1730,28\175}{}% 31
\BOOKMARK [2][-]{subsection.0.0.32}{p\137\1730,29\175}{}% 32
\BOOKMARK [2][-]{subsection.0.0.33}{p\137\1730,30\175}{}% 33
\BOOKMARK [2][-]{subsection.0.0.34}{p\137\1730,31\175}{}% 34
\BOOKMARK [2][-]{subsection.0.0.35}{p\137\1730,32\175}{}% 35
\BOOKMARK [2][-]{subsection.0.0.36}{p\137\1730,33\175}{}% 36
\BOOKMARK [2][-]{subsection.0.0.37}{p\137\1730,34\175}{}% 37
\BOOKMARK [1][-]{section.0.1}{Derivation 6, 2 \173Formaldehyde, p0,0\175 -> \173p0,1\175}{}% 38
\BOOKMARK [2][-]{subsection.0.1.1}{Match}{section.0.1}% 39
\BOOKMARK [1][-]{section.0.2}{Derivation 34, 2 \173Formaldehyde, p0,3\175 -> \173p0,13\175}{}% 40
\BOOKMARK [2][-]{subsection.0.2.1}{Match}{section.0.2}% 41
\BOOKMARK [1][-]{section.0.3}{Derivation 35, 2 \173Formaldehyde, p0,3\175 -> \173p0,10\175}{}% 42
\BOOKMARK [2][-]{subsection.0.3.1}{Match}{section.0.3}% 43
\BOOKMARK [1][-]{section.0.4}{Derivation 37, 2 \173Formaldehyde, p0,4\175 -> \173p0,14\175}{}% 44
\BOOKMARK [2][-]{subsection.0.4.1}{Match}{section.0.4}% 45
\BOOKMARK [1][-]{section.0.5}{Derivation 39, 2 \173Formaldehyde, p0,4\175 -> \173p0,15\175}{}% 46
\BOOKMARK [2][-]{subsection.0.5.1}{Match}{section.0.5}% 47
\BOOKMARK [1][-]{section.0.6}{Derivation 77, 2 \173Formaldehyde, p0,7\175 -> \173p0,11\175}{}% 48
\BOOKMARK [2][-]{subsection.0.6.1}{Match}{section.0.6}% 49
\BOOKMARK [1][-]{section.0.7}{Derivation 78, 2 \173Formaldehyde, p0,7\175 -> \173p0,18\175}{}% 50
\BOOKMARK [2][-]{subsection.0.7.1}{Match}{section.0.7}% 51
\BOOKMARK [1][-]{section.0.8}{Derivation 107, 2 \173Formaldehyde, p0,19\175 -> \173p0,32\175}{}% 52
\BOOKMARK [2][-]{subsection.0.8.1}{Match}{section.0.8}% 53
\BOOKMARK [1][-]{section.0.9}{Derivation 109, 2 \173Formaldehyde, p0,21\175 -> \173p0,33\175}{}% 54
\BOOKMARK [2][-]{subsection.0.9.1}{Match}{section.0.9}% 55
\BOOKMARK [1][-]{section.0.10}{Derivation 111, 2 \173Formaldehyde, p0,21\175 -> \173p0,34\175}{}% 56
\BOOKMARK [2][-]{subsection.0.10.1}{Match}{section.0.10}% 57
\BOOKMARK [1][-]{section.0.11}{Derivation 130, 2 \173Formaldehyde, p0,28\175 -> \173p0,26\175}{}% 58
\BOOKMARK [2][-]{subsection.0.11.1}{Match}{section.0.11}% 59
\BOOKMARK [1][-]{section.0.12}{Derivation 131, 2 \173Formaldehyde, p0,28\175 -> \173p0,33\175}{}% 60
\BOOKMARK [2][-]{subsection.0.12.1}{Match}{section.0.12}% 61
